<?xml version="1.0" encoding="UTF-8"?>
<!-- Generated by org.testng.reporters.JUnitReportReporter -->
<testsuite hostname="DESKTOP-T3AL1TR" failures="0" tests="3" name="TestCases" time="3.668" errors="0" timestamp="2024-06-23T14:22:42 EET" skipped="0">
  <testcase classname="TestCases" name="Login" time="0.443"/>
  <system-out/>
  <testcase classname="TestCases" name="WordProductIsThere" time="2.059"/>
  <system-out/>
  <testcase classname="TestCases" name="SortingItems" time="1.166"/>
  <system-out/>
</testsuite> <!-- TestCases -->
